<?xml version="1.0" encoding="UTF-8"?>
<!-- Generated by org.testng.reporters.JUnitXMLReporter -->
<testsuite hostname="MSI" ignored="0" name="Test" tests="2" failures="1" timestamp="06 Jan 2021 12:15:59 GMT" time="31.178" errors="0">
  <testcase name="tc2" time="26.09" classname="org.suite.CSuite"/>
  <testcase name="tc3" time="0.154" classname="org.suite.CSuite">
    <failure type="java.lang.AssertionError" message="expected [salem] but found [Salem]">
      <![CDATA[java.lang.AssertionError: expected [salem] but found [Salem]
at org.suite.CSuite.tc3(CSuite.java:36)
... Removed 31 stack frames]]>
    </failure>
  </testcase> <!-- tc3 -->
</testsuite> <!-- Test -->
