<?xml version="1.0" encoding="UTF-8"?>
<testng-results skipped="0" failed="0" ignored="0" total="2" passed="2">
  <reporter-output>
  </reporter-output>
  <suite name="Default suite" duration-ms="15458" started-at="2021-01-11T15:08:50Z" finished-at="2021-01-11T15:09:06Z">
    <groups>
    </groups>
    <test name="Default test" duration-ms="15458" started-at="2021-01-11T15:08:50Z" finished-at="2021-01-11T15:09:06Z">
      <class name="org.suite.ESuite">
        <test-method status="PASS" signature="tc1()[pri:0, instance:org.suite.ESuite@29ee9faa]" name="tc1" is-config="true" duration-ms="3989" started-at="2021-01-11T15:08:50Z" finished-at="2021-01-11T15:08:54Z">
          <reporter-output>
          </reporter-output>
        </test-method> <!-- tc1 -->
        <test-method status="PASS" signature="tc2()[pri:0, instance:org.suite.ESuite@29ee9faa]" name="tc2" duration-ms="9450" started-at="2021-01-11T15:08:54Z" finished-at="2021-01-11T15:09:04Z">
          <reporter-output>
          </reporter-output>
        </test-method> <!-- tc2 -->
        <test-method status="PASS" signature="tc3()[pri:0, instance:org.suite.ESuite@29ee9faa]" name="tc3" duration-ms="2004" started-at="2021-01-11T15:09:04Z" finished-at="2021-01-11T15:09:06Z">
          <reporter-output>
          </reporter-output>
        </test-method> <!-- tc3 -->
      </class> <!-- org.suite.ESuite -->
    </test> <!-- Default test -->
  </suite> <!-- Default suite -->
</testng-results>
